/*C1*/SET SCHEMA SYSTEM_LOBS
INSERT INTO BLOCKS VALUES(0,2147483647,0)
COMMIT
/*C2*/SET SCHEMA PUBLIC
CREATE TABLE IF NOT EXISTS AL_CONFIGURATION ( PROPERTY_NAME VARCHAR(255) NOT NULL UNIQUE , PROPERTY_VALUE LONGVARCHAR ) 
CREATE TABLE IF NOT EXISTS AL_GROUPS ( GROUP_NAME VARCHAR(255) NOT NULL PRIMARY KEY , DESCRIPTION LONGVARCHAR ) 
CREATE TABLE IF NOT EXISTS AL_TABLES ( TABLE_NAME VARCHAR(255) NOT NULL PRIMARY KEY , GROUP_NAME VARCHAR(255) , DESCRIPTION LONGVARCHAR ) 
CREATE TABLE IF NOT EXISTS AL_CUSTOM_TYPE ( TABLE_NAME VARCHAR(255) , COLUMN_NAME VARCHAR(255) , TYPE VARCHAR(255) , NAME VARCHAR(255) ) 
CREATE TABLE IF NOT EXISTS AL_VIEWS ( VIEW_NAME VARCHAR(255) NOT NULL UNIQUE , VIEW_DEFINITION LONGVARCHAR , IS_VALID BOOLEAN ) 
CREATE TABLE IF NOT EXISTS AL_SELECTED_LOG_OBJECTS ( NAME VARCHAR(255) NOT NULL UNIQUE , TYPE VARCHAR(255) ) 
CREATE TABLE IF NOT EXISTS AL_DB_OBJECTS ( NAME VARCHAR(255) NOT NULL UNIQUE , TYPE VARCHAR(255) , USAGE VARCHAR(255) ) 
INSERT INTO AL_CONFIGURATION VALUES('VERSION','7.2.0')
INSERT INTO AL_SELECTED_LOG_OBJECTS VALUES('agents_log','VIEW')
INSERT INTO AL_SELECTED_LOG_OBJECTS VALUES('library_blocks_log','VIEW')
INSERT INTO AL_SELECTED_LOG_OBJECTS VALUES('agent_parameters_log','VIEW')
INSERT INTO AL_SELECTED_LOG_OBJECTS VALUES('library_block_parameters_log','VIEW')
INSERT INTO AL_SELECTED_LOG_OBJECTS VALUES('agent_movement_log','VIEW')
INSERT INTO AL_SELECTED_LOG_OBJECTS VALUES('agent_movement_stats_log','VIEW')
INSERT INTO AL_SELECTED_LOG_OBJECTS VALUES('agent_messages_log','VIEW')
INSERT INTO AL_SELECTED_LOG_OBJECTS VALUES('events_log','VIEW')
INSERT INTO AL_SELECTED_LOG_OBJECTS VALUES('flowchart_entries_log','VIEW')
INSERT INTO AL_SELECTED_LOG_OBJECTS VALUES('flowchart_process_states_log','VIEW')
INSERT INTO AL_SELECTED_LOG_OBJECTS VALUES('flowchart_stats_time_in_state_log','VIEW')
INSERT INTO AL_SELECTED_LOG_OBJECTS VALUES('resource_unit_states_log','VIEW')
INSERT INTO AL_SELECTED_LOG_OBJECTS VALUES('resource_unit_task_stats_log','VIEW')
INSERT INTO AL_SELECTED_LOG_OBJECTS VALUES('resource_pool_task_stats_log','VIEW')
INSERT INTO AL_SELECTED_LOG_OBJECTS VALUES('resource_pool_utilization_log','VIEW')
INSERT INTO AL_SELECTED_LOG_OBJECTS VALUES('resource_unit_utilization_log','VIEW')
INSERT INTO AL_SELECTED_LOG_OBJECTS VALUES('fluid_units_log','VIEW')
INSERT INTO AL_SELECTED_LOG_OBJECTS VALUES('fluid_storages_log','VIEW')
INSERT INTO AL_SELECTED_LOG_OBJECTS VALUES('fluid_rates_log','VIEW')
INSERT INTO AL_SELECTED_LOG_OBJECTS VALUES('fluid_utilization_log','VIEW')
INSERT INTO AL_SELECTED_LOG_OBJECTS VALUES('statechart_transitions_log','VIEW')
INSERT INTO AL_SELECTED_LOG_OBJECTS VALUES('agent_statechart_states_log','VIEW')
INSERT INTO AL_SELECTED_LOG_OBJECTS VALUES('agent_statechart_stats_log','VIEW')
INSERT INTO AL_SELECTED_LOG_OBJECTS VALUES('agent_type_statechart_stats_log','VIEW')
INSERT INTO AL_SELECTED_LOG_OBJECTS VALUES('statistics_log','VIEW')
INSERT INTO AL_SELECTED_LOG_OBJECTS VALUES('datasets_log','VIEW')
INSERT INTO AL_SELECTED_LOG_OBJECTS VALUES('histograms_log','VIEW')
INSERT INTO AL_SELECTED_LOG_OBJECTS VALUES('trace_log','VIEW')
COMMIT
CREATE TABLE height_profile ( al_id INT IDENTITY , index INTEGER NULL , x DOUBLE NULL , y DOUBLE NULL , height INTEGER NULL , distance DOUBLE NULL , segment DOUBLE NULL ) 
INSERT INTO AL_TABLES VALUES('height_profile',NULL,'')
COMMIT
/*C3*/SET SCHEMA PUBLIC
INSERT INTO HEIGHT_PROFILE VALUES(0,1,3561939.0E0,5780159.0E0,0,0.0E0,0.0E0)
INSERT INTO HEIGHT_PROFILE VALUES(1,2,3561939.081632653E0,5780159.12244898E0,0,0.1471653585248497E0,0.1471653585248497E0)
INSERT INTO HEIGHT_PROFILE VALUES(2,3,3561939.163265306E0,5780159.244897959E0,0,0.2943307160164897E0,0.1471653574916401E0)
INSERT INTO HEIGHT_PROFILE VALUES(3,4,3561939.244897959E0,5780159.367346939E0,0,0.4414960745413394E0,0.1471653585248497E0)
INSERT INTO HEIGHT_PROFILE VALUES(4,5,3561939.326530612E0,5780159.489795919E0,0,0.5886614328078867E0,0.1471653582665473E0)
INSERT INTO HEIGHT_PROFILE VALUES(5,6,3561939.408163265E0,5780159.612244898E0,0,0.7358267905578292E0,0.1471653577499425E0)
INSERT INTO HEIGHT_PROFILE VALUES(6,7,3561939.489795919E0,5780159.734693877E0,0,0.8829921490826789E0,0.1471653585248497E0)
INSERT INTO HEIGHT_PROFILE VALUES(7,8,3561939.571428571E0,5780159.857142857E0,0,1.030157507349226E0,0.1471653582665473E0)
INSERT INTO HEIGHT_PROFILE VALUES(8,9,3561939.653061225E0,5780159.979591837E0,0,1.177322865874076E0,0.1471653585248497E0)
INSERT INTO HEIGHT_PROFILE VALUES(9,10,3561939.734693877E0,5780160.102040816E0,0,1.324488223365716E0,0.1471653574916401E0)
INSERT INTO HEIGHT_PROFILE VALUES(10,11,3561939.816326531E0,5780160.224489796E0,0,1.471653581890565E0,0.1471653585248497E0)
INSERT INTO HEIGHT_PROFILE VALUES(11,12,3561939.897959184E0,5780160.346938776E0,0,1.618818940415415E0,0.1471653585248497E0)
INSERT INTO HEIGHT_PROFILE VALUES(12,13,3561939.979591837E0,5780160.469387755E0,0,1.765984297907055E0,0.1471653574916401E0)
INSERT INTO HEIGHT_PROFILE VALUES(13,14,3561940.06122449E0,5780160.591836735E0,0,1.913149656431905E0,0.1471653585248497E0)
INSERT INTO HEIGHT_PROFILE VALUES(14,15,3561940.142857143E0,5780160.714285715E0,0,2.060315014698452E0,0.1471653582665473E0)
INSERT INTO HEIGHT_PROFILE VALUES(15,16,3561940.224489796E0,5780160.836734693E0,0,2.207480372448394E0,0.1471653577499425E0)
INSERT INTO HEIGHT_PROFILE VALUES(16,17,3561940.306122449E0,5780160.959183673E0,0,2.354645730714942E0,0.1471653582665473E0)
INSERT INTO HEIGHT_PROFILE VALUES(17,18,3561940.387755102E0,5780161.081632653E0,0,2.501811089239791E0,0.1471653585248497E0)
INSERT INTO HEIGHT_PROFILE VALUES(18,19,3561940.469387755E0,5780161.204081632E0,0,2.648976446989733E0,0.1471653577499425E0)
INSERT INTO HEIGHT_PROFILE VALUES(19,20,3561940.551020408E0,5780161.326530612E0,0,2.796141805256281E0,0.1471653582665473E0)
INSERT INTO HEIGHT_PROFILE VALUES(20,21,3561940.632653061E0,5780161.448979592E0,0,2.94330716378113E0,0.1471653585248497E0)
INSERT INTO HEIGHT_PROFILE VALUES(21,22,3561940.714285714E0,5780161.571428572E0,0,3.090472522047678E0,0.1471653582665473E0)
INSERT INTO HEIGHT_PROFILE VALUES(22,23,3561940.795918367E0,5780161.693877551E0,0,3.23763787979762E0,0.1471653577499425E0)
INSERT INTO HEIGHT_PROFILE VALUES(23,24,3561940.877551021E0,5780161.816326531E0,0,3.38480323832247E0,0.1471653585248497E0)
INSERT INTO HEIGHT_PROFILE VALUES(24,25,3561940.959183673E0,5780161.938775511E0,0,3.531968596589017E0,0.1471653582665473E0)
INSERT INTO HEIGHT_PROFILE VALUES(25,26,3561941.040816327E0,5780162.061224489E0,0,3.679133954338959E0,0.1471653577499425E0)
INSERT INTO HEIGHT_PROFILE VALUES(26,27,3561941.122448979E0,5780162.183673469E0,0,3.826299312605506E0,0.1471653582665473E0)
INSERT INTO HEIGHT_PROFILE VALUES(27,28,3561941.204081633E0,5780162.306122449E0,0,3.973464671130356E0,0.1471653585248497E0)
INSERT INTO HEIGHT_PROFILE VALUES(28,29,3561941.285714286E0,5780162.428571428E0,0,4.120630028880298E0,0.1471653577499425E0)
INSERT INTO HEIGHT_PROFILE VALUES(29,30,3561941.367346939E0,5780162.551020408E0,0,4.267795387146846E0,0.1471653582665473E0)
INSERT INTO HEIGHT_PROFILE VALUES(30,31,3561941.448979592E0,5780162.673469388E0,0,4.414960745671696E0,0.1471653585248497E0)
INSERT INTO HEIGHT_PROFILE VALUES(31,32,3561941.530612245E0,5780162.795918368E0,0,4.562126103938243E0,0.1471653582665473E0)
INSERT INTO HEIGHT_PROFILE VALUES(32,33,3561941.612244898E0,5780162.918367347E0,0,4.709291461688186E0,0.1471653577499425E0)
INSERT INTO HEIGHT_PROFILE VALUES(33,34,3561941.693877551E0,5780163.040816327E0,0,4.856456820213036E0,0.1471653585248497E0)
INSERT INTO HEIGHT_PROFILE VALUES(34,35,3561941.775510204E0,5780163.163265307E0,0,5.003622178479583E0,0.1471653582665473E0)
INSERT INTO HEIGHT_PROFILE VALUES(35,36,3561941.857142857E0,5780163.285714285E0,0,5.150787536229526E0,0.1471653577499425E0)
INSERT INTO HEIGHT_PROFILE VALUES(36,37,3561941.93877551E0,5780163.408163265E0,0,5.297952894496073E0,0.1471653582665473E0)
INSERT INTO HEIGHT_PROFILE VALUES(37,38,3561942.020408163E0,5780163.530612245E0,0,5.445118253020923E0,0.1471653585248497E0)
INSERT INTO HEIGHT_PROFILE VALUES(38,39,3561942.102040816E0,5780163.653061224E0,0,5.592283610512563E0,0.1471653574916401E0)
INSERT INTO HEIGHT_PROFILE VALUES(39,40,3561942.183673469E0,5780163.775510204E0,0,5.739448969037413E0,0.1471653585248497E0)
INSERT INTO HEIGHT_PROFILE VALUES(40,41,3561942.265306123E0,5780163.897959184E0,0,5.886614327562263E0,0.1471653585248497E0)
INSERT INTO HEIGHT_PROFILE VALUES(41,42,3561942.346938775E0,5780164.020408163E0,0,6.033779685053903E0,0.1471653574916401E0)
INSERT INTO HEIGHT_PROFILE VALUES(42,43,3561942.428571429E0,5780164.142857143E0,0,6.180945043578753E0,0.1471653585248497E0)
INSERT INTO HEIGHT_PROFILE VALUES(43,44,3561942.510204081E0,5780164.265306123E0,0,6.328110401845301E0,0.1471653582665473E0)
INSERT INTO HEIGHT_PROFILE VALUES(44,45,3561942.591836735E0,5780164.387755102E0,0,6.475275760370151E0,0.1471653585248497E0)
INSERT INTO HEIGHT_PROFILE VALUES(45,46,3561942.673469388E0,5780164.510204081E0,0,6.622441118120094E0,0.1471653577499425E0)
INSERT INTO HEIGHT_PROFILE VALUES(46,47,3561942.755102041E0,5780164.632653061E0,0,6.769606476386641E0,0.1471653582665473E0)
INSERT INTO HEIGHT_PROFILE VALUES(47,48,3561942.836734694E0,5780164.755102041E0,0,6.916771834911491E0,0.1471653585248497E0)
INSERT INTO HEIGHT_PROFILE VALUES(48,49,3561942.918367347E0,5780164.87755102E0,0,7.063937192403131E0,0.1471653574916401E0)
INSERT INTO HEIGHT_PROFILE VALUES(49,50,3561943.0E0,5780165.0E0,0,7.211102550927981E0,0.1471653585248497E0)
COMMIT
DISCONNECT
